c:\users\anav2\desktop\labs\cgt-520\lab 2\x64\debug\vc142.pdb
c:\users\anav2\desktop\labs\cgt-520\lab 2\x64\debug\vc142.idb
c:\users\anav2\desktop\labs\cgt-520\lab 2\x64\debug\loadtexture.obj
c:\users\anav2\desktop\labs\cgt-520\lab 2\x64\debug\loadmesh.obj
c:\users\anav2\desktop\labs\cgt-520\lab 2\x64\debug\lab2.obj
c:\users\anav2\desktop\labs\cgt-520\lab 2\x64\debug\initshader.obj
c:\users\anav2\desktop\labs\cgt-520\lab 2\x64\debug\debugcallback.obj
c:\users\anav2\desktop\labs\cgt-520\lab 2\x64\debug\imgui_widgets.obj
c:\users\anav2\desktop\labs\cgt-520\lab 2\x64\debug\imgui_tables.obj
c:\users\anav2\desktop\labs\cgt-520\lab 2\x64\debug\imgui_draw.obj
c:\users\anav2\desktop\labs\cgt-520\lab 2\x64\debug\imgui_demo.obj
c:\users\anav2\desktop\labs\cgt-520\lab 2\x64\debug\imgui.obj
c:\users\anav2\desktop\labs\cgt-520\lab 2\x64\debug\imgui_impl_opengl3.obj
c:\users\anav2\desktop\labs\cgt-520\lab 2\x64\debug\imgui_impl_glfw.obj
c:\users\anav2\desktop\labs\cgt-520\x64\debug\lab 2.exe
c:\users\anav2\desktop\labs\cgt-520\lab 2\x64\debug\lab 2.ilk
c:\users\anav2\desktop\labs\cgt-520\x64\debug\lab 2.pdb
c:\users\anav2\desktop\labs\cgt-520\lab 2\x64\debug\lab2.obj.enc
c:\users\anav2\desktop\labs\cgt-520\lab 2\x64\debug\lab 2.tlog\cl.command.1.tlog
c:\users\anav2\desktop\labs\cgt-520\lab 2\x64\debug\lab 2.tlog\cl.read.1.tlog
c:\users\anav2\desktop\labs\cgt-520\lab 2\x64\debug\lab 2.tlog\cl.write.1.tlog
c:\users\anav2\desktop\labs\cgt-520\lab 2\x64\debug\lab 2.tlog\link.command.1.tlog
c:\users\anav2\desktop\labs\cgt-520\lab 2\x64\debug\lab 2.tlog\link.read.1.tlog
c:\users\anav2\desktop\labs\cgt-520\lab 2\x64\debug\lab 2.tlog\link.write.1.tlog
